<?xml version="1.0" encoding="UTF-8"?>
<!-- Generated by org.testng.reporters.JUnitReportReporter -->
<testsuite skipped="0" hostname="DELLT5CG8151K84" name="restAssured.PutPatchDelete" tests="1" failures="0" timestamp="2021-07-31T16:15:20 IST" time="5.969" errors="0">
  <testcase name="delete" time="5.969" classname="restAssured.PutPatchDelete"/>
  <system-out/>
</testsuite> <!-- restAssured.PutPatchDelete -->
