<?xml version="1.0" encoding="UTF-8"?>
<!-- Generated by org.testng.reporters.JUnitReportReporter -->
<testsuite skipped="0" hostname="DELLT5CG8151K84" name="restAssured.ReadJsonFile" tests="1" failures="0" timestamp="2021-08-02T14:10:49 IST" time="0.036" errors="0">
  <testcase name="readJson" time="0.036" classname="restAssured.ReadJsonFile"/>
  <system-out/>
</testsuite> <!-- restAssured.ReadJsonFile -->
