<?xml version="1.0" encoding="UTF-8"?>
<!-- Generated by org.testng.reporters.JUnitReportReporter -->
<testsuite skipped="1" hostname="DELLT5CG8151K84" name="restAssured.GetPostExample" tests="3" failures="0" timestamp="2021-08-02T16:34:14 IST" time="0.025" errors="0">
  <testcase name="post" time="0.022" classname="restAssured.GetPostExample"/>
  <system-out/>
  <testcase name="post" time="0.003" classname="restAssured.GetPostExample"/>
  <system-out/>
  <testcase name="put" classname="restAssured.GetPostExample">
    <skipped/>
  </testcase> <!-- put -->
  <system-out/>
</testsuite> <!-- restAssured.GetPostExample -->
