<?xml version="1.0" encoding="UTF-8"?>
<!-- Generated by org.testng.reporters.JUnitReportReporter -->
<testsuite skipped="0" hostname="DELLT5CG8151K84" name="restAssured.CheckMethods" tests="1" failures="0" timestamp="2021-07-31T15:39:22 IST" time="4.861" errors="0">
  <testcase name="checkStatus" time="4.861" classname="restAssured.CheckMethods"/>
  <system-out/>
</testsuite> <!-- restAssured.CheckMethods -->
