<?xml version="1.0" encoding="UTF-8"?>
<!-- Generated by org.testng.reporters.JUnitReportReporter -->
<testsuite skipped="0" hostname="DELLT5CG8151K84" name="restAssured.AllMethodWithLocalAPI" tests="1" failures="0" timestamp="2021-07-31T16:56:46 IST" time="2.913" errors="0">
  <testcase name="delete" time="2.913" classname="restAssured.AllMethodWithLocalAPI"/>
  <system-out/>
</testsuite> <!-- restAssured.AllMethodWithLocalAPI -->
